20230610	22:02:36	b41f27b8-04e2-49fa-8e5f-890ed5d16573	Error: ENOENT: no such file or directory, stat 'C:\Users\rikip\Desktop\EXIM\Projects\Webdev\xongroh\xongroh\serverx\clientx\build\index.html'	GET	/	undefined
20230610	22:02:36	5d90fcc8-0200-4a1d-95f9-5b0c9906a347	Error: ENOENT: no such file or directory, stat 'C:\Users\rikip\Desktop\EXIM\Projects\Webdev\xongroh\xongroh\serverx\clientx\build\index.html'	GET	/favicon.ico	undefined
20230611	17:14:50	d9c2f3ca-f7f5-42ff-b099-fc71d0dedebc	Error: ENOENT: no such file or directory, stat 'C:\Users\rikip\Desktop\EXIM\Projects\Webdev\xongroh\xongroh\serverx\clientx\build\index.html'	GET	/	undefined
20230611	17:14:51	50136d39-e3af-4495-8675-15d1d650bdcb	Error: ENOENT: no such file or directory, stat 'C:\Users\rikip\Desktop\EXIM\Projects\Webdev\xongroh\xongroh\serverx\clientx\build\index.html'	GET	/favicon.ico	undefined
20230611	17:15:59	fc023609-1a76-411e-ae5f-ecc63a297e29	Error: ENOENT: no such file or directory, stat 'C:\Users\rikip\Desktop\EXIM\Projects\Webdev\xongroh\xongroh\serverx\clientx\build\index.html'	GET	/favicon.ico	undefined
20230611	17:16:13	974bbdca-362f-4a8f-a5e7-7f521652d468	Error: ENOENT: no such file or directory, stat 'C:\Users\rikip\Desktop\EXIM\Projects\Webdev\xongroh\xongroh\serverx\clientx\build\index.html'	GET	/favicon.ico	undefined
20230611	17:16:52	5ee2562e-efbc-4fd4-9d40-4ac9299a4110	Error: ENOENT: no such file or directory, stat 'C:\Users\rikip\Desktop\EXIM\Projects\Webdev\xongroh\xongroh\serverx\clientx\build\index.html'	GET	/count	undefined
20230611	17:28:04	edadf63f-8ed1-44c1-8f38-324fe2025df8	Error: ENOENT: no such file or directory, stat 'C:\Users\rikip\Desktop\EXIM\Projects\Webdev\xongroh\xongroh\serverx\clientx\build\index.html'	GET	/favicon.ico	undefined
20230611	17:28:09	b8901718-1767-40d2-802a-85b89d9edc66	Error: ENOENT: no such file or directory, stat 'C:\Users\rikip\Desktop\EXIM\Projects\Webdev\xongroh\xongroh\serverx\clientx\build\index.html'	GET	/favicon.ico	undefined
20230611	17:28:11	2f52023a-c558-47c6-bad1-126c6f84ab85	Error: ENOENT: no such file or directory, stat 'C:\Users\rikip\Desktop\EXIM\Projects\Webdev\xongroh\xongroh\serverx\clientx\build\index.html'	GET	/usercountss	undefined
20230611	17:28:11	8deb49fd-a9f1-4152-b58d-d729e4d186fb	Error: ENOENT: no such file or directory, stat 'C:\Users\rikip\Desktop\EXIM\Projects\Webdev\xongroh\xongroh\serverx\clientx\build\index.html'	GET	/favicon.ico	undefined
20230611	17:29:07	640c4b1e-f5e6-4c58-9ff4-ac5b79a88d81	Error: ENOENT: no such file or directory, stat 'C:\Users\rikip\Desktop\EXIM\Projects\Webdev\xongroh\xongroh\serverx\clientx\build\index.html'	GET	/usercountss	undefined
20230611	17:29:07	86d97f7a-ebdf-4ff8-81e4-f422db49986f	Error: ENOENT: no such file or directory, stat 'C:\Users\rikip\Desktop\EXIM\Projects\Webdev\xongroh\xongroh\serverx\clientx\build\index.html'	GET	/favicon.ico	undefined
20230611	17:32:51	7f1f5a70-70ba-4d83-8ff1-9448ffc30be4	Error: ENOENT: no such file or directory, stat 'C:\Users\rikip\Desktop\EXIM\Projects\Webdev\xongroh\xongroh\serverx\clientx\build\index.html'	GET	/usercountss	undefined
20230611	17:32:51	bcf26851-19aa-4275-9c8b-b1190cdab31b	Error: ENOENT: no such file or directory, stat 'C:\Users\rikip\Desktop\EXIM\Projects\Webdev\xongroh\xongroh\serverx\clientx\build\index.html'	GET	/favicon.ico	undefined
20230611	17:32:52	354528c8-f03a-4cda-a96c-f1059ca95a0e	Error: ENOENT: no such file or directory, stat 'C:\Users\rikip\Desktop\EXIM\Projects\Webdev\xongroh\xongroh\serverx\clientx\build\index.html'	GET	/usercountss	undefined
20230611	17:32:52	1e3cd786-5b0f-4aa3-8dc2-e5c7c0944785	Error: ENOENT: no such file or directory, stat 'C:\Users\rikip\Desktop\EXIM\Projects\Webdev\xongroh\xongroh\serverx\clientx\build\index.html'	GET	/favicon.ico	undefined
20230611	17:32:55	6cbd9dcf-e71e-47b4-abcc-f65485dac238	Error: ENOENT: no such file or directory, stat 'C:\Users\rikip\Desktop\EXIM\Projects\Webdev\xongroh\xongroh\serverx\clientx\build\index.html'	GET	/usercounts	undefined
20230611	17:32:55	ee64154e-310d-45c9-98b3-8030b0f6dc13	Error: ENOENT: no such file or directory, stat 'C:\Users\rikip\Desktop\EXIM\Projects\Webdev\xongroh\xongroh\serverx\clientx\build\index.html'	GET	/favicon.ico	undefined
20230611	17:32:57	196b1954-30b0-425d-992d-92399a45dc5a	Error: ENOENT: no such file or directory, stat 'C:\Users\rikip\Desktop\EXIM\Projects\Webdev\xongroh\xongroh\serverx\clientx\build\index.html'	GET	/usercounts	undefined
20230611	17:32:58	3e5713ea-7f49-4a17-b6f5-5a5718a582b3	Error: ENOENT: no such file or directory, stat 'C:\Users\rikip\Desktop\EXIM\Projects\Webdev\xongroh\xongroh\serverx\clientx\build\index.html'	GET	/favicon.ico	undefined
20230611	17:32:58	c5e93c0b-1ed9-49e9-ba99-82db757dab34	Error: ENOENT: no such file or directory, stat 'C:\Users\rikip\Desktop\EXIM\Projects\Webdev\xongroh\xongroh\serverx\clientx\build\index.html'	GET	/usercounts	undefined
20230611	17:32:59	00f9e066-7207-4af6-a3e1-4c89ff809627	Error: ENOENT: no such file or directory, stat 'C:\Users\rikip\Desktop\EXIM\Projects\Webdev\xongroh\xongroh\serverx\clientx\build\index.html'	GET	/favicon.ico	undefined
20230611	17:33:03	4c600145-3078-46ff-a9ed-e48879ca44b6	Error: ENOENT: no such file or directory, stat 'C:\Users\rikip\Desktop\EXIM\Projects\Webdev\xongroh\xongroh\serverx\clientx\build\index.html'	GET	/favicon.ico	undefined
