20230610	22:02:36	aae62856-d11d-4769-9ae4-d7315a7004fa	GET	/	undefined
20230610	22:02:36	2c4caf8c-792c-4919-9120-ed59110784df	GET	/favicon.ico	undefined
20230611	17:14:50	67b41740-fea2-4f52-adec-ecb538121415	GET	/	undefined
20230611	17:14:51	45d88a0a-5cab-461e-bf5d-118ff3f0c615	GET	/favicon.ico	undefined
20230611	17:15:58	0ba99b15-f930-4faa-99a0-d8dafa1ca102	GET	/allusers	undefined
20230611	17:15:59	b43d1335-41b1-43a8-93c0-8ffa50a6c7dc	GET	/favicon.ico	undefined
20230611	17:16:12	e6d878e7-5be9-4239-8e66-1e33b1c05061	GET	/usercount	undefined
20230611	17:16:13	408caffa-c080-47f4-9bf8-91745d5f187e	GET	/favicon.ico	undefined
20230611	17:16:40	0199d798-c265-4a86-b22a-9f63330de297	GET	/usercount	undefined
20230611	17:16:46	c2f526a3-810c-4176-b6b4-683eb1717b57	GET	/allusers	undefined
20230611	17:16:52	23540c0b-1d05-4f2f-a3e0-acefcfd2e80e	GET	/count	undefined
20230611	17:24:28	6780d07b-f671-4a1b-bb5f-a10ab97b604a	GET	/userCount	http://localhost:3000
20230611	17:24:29	92c6c29d-744f-46de-9c1a-9e97464a1274	GET	/userCount	http://localhost:3000
20230611	17:28:04	4932de71-f0c1-4882-b6c1-dafd451abcda	GET	/usercount	undefined
20230611	17:28:04	b6edaf20-09b9-403d-8332-7240d6dd24e8	GET	/favicon.ico	undefined
20230611	17:28:08	0e35ed00-e0d5-41f4-ae57-9dc1beda19c7	GET	/usercount	undefined
20230611	17:28:09	0f5ebbaf-d0ed-4293-a706-4be4031c5b92	GET	/favicon.ico	undefined
20230611	17:28:11	ecf5e6d9-fa92-47fe-bded-befb77a957fe	GET	/usercountss	undefined
20230611	17:28:11	1f67f8b3-6011-4120-931b-4953b17a19ba	GET	/favicon.ico	undefined
20230611	17:29:07	6996f60f-daa9-4d54-8cc5-0e8ada3b9b53	GET	/usercountss	undefined
20230611	17:29:07	02e52884-183d-4422-94e3-a2afa86a44f3	GET	/favicon.ico	undefined
20230611	17:32:51	3d3f498e-5a8d-4191-82d5-de139a0be098	GET	/usercountss	undefined
20230611	17:32:51	4d64acc7-8bbc-4ac6-b64d-198e48474501	GET	/favicon.ico	undefined
20230611	17:32:52	afc8f351-4b88-4f46-84a1-9eee6bda0ec5	GET	/usercountss	undefined
20230611	17:32:52	6ce6231a-113e-4437-a912-0df5e17eff97	GET	/favicon.ico	undefined
20230611	17:32:55	afe4214f-9809-4051-9a81-5f6056cff3c2	GET	/usercounts	undefined
20230611	17:32:55	124e03d6-1d2b-47b6-807f-03d0eab4b2fd	GET	/favicon.ico	undefined
20230611	17:32:57	6481c26d-2d32-44fd-b383-10f3eef2de0c	GET	/usercounts	undefined
20230611	17:32:58	32ec545d-ea09-440e-a5b7-04f039c57d69	GET	/favicon.ico	undefined
20230611	17:32:58	659e185d-f15d-453e-8baa-ebd6de75c404	GET	/usercounts	undefined
20230611	17:32:59	04c2b681-9b92-4159-843d-4214dfec7029	GET	/favicon.ico	undefined
20230611	17:33:02	b78c9c48-12af-4da1-9f18-ea07f92107eb	GET	/usercount	undefined
20230611	17:33:03	12f68e23-6491-4ab2-b86e-3a35477ce237	GET	/favicon.ico	undefined
